<?xml version="1.0" encoding="UTF-8"?>
<!-- Generated by org.testng.reporters.JUnitReportReporter -->
<testsuite hostname="DESKTOP-RO120CU" failures="0" tests="1" name="testNGExecutionPackage.SqlTest" time="75.068" errors="0" timestamp="2023-11-29T22:22:08 GMT-08:00" skipped="0">
  <testcase classname="testNGExecutionPackage.SqlTest" name="sql_method" time="75.068"/>
</testsuite> <!-- testNGExecutionPackage.SqlTest -->
