<?xml version="1.0" encoding="UTF-8"?>
<!-- Generated by org.testng.reporters.JUnitReportReporter -->
<testsuite hostname="DESKTOP-RO120CU" failures="0" tests="1" name="testNGAssertations.AssertationScriptOnActiTime" time="7.155" errors="0" timestamp="2023-12-04T23:06:52 GMT-08:00" skipped="0">
  <testcase classname="testNGAssertations.AssertationScriptOnActiTime" name="testMethod" time="7.155">
    <system-out>
      <![CDATA[User Created!!]]>
    </system-out>
  </testcase> <!-- testMethod -->
  <system-out>
    <![CDATA[User Created!!]]>
  </system-out>
</testsuite> <!-- testNGAssertations.AssertationScriptOnActiTime -->
