<?xml version="1.0" encoding="UTF-8"?>
<!-- Generated by org.testng.reporters.JUnitReportReporter -->
<testsuite hostname="DESKTOP-RO120CU" failures="0" tests="2" name="testNGExecutionPackage.JavaTest" time="55.847" errors="0" timestamp="2023-11-29T22:50:35 GMT-08:00" skipped="0">
  <testcase classname="testNGExecutionPackage.JavaTest" name="java_method" time="14.667"/>
  <testcase classname="testNGExecutionPackage.JavaTest" name="java_method" time="41.180"/>
</testsuite> <!-- testNGExecutionPackage.JavaTest -->
