<?xml version="1.0" encoding="UTF-8"?>
<!-- Generated by org.testng.reporters.JUnitReportReporter -->
<testsuite hostname="DESKTOP-RO120CU" failures="0" tests="2" name="testNGExecutionPackage.Test3" time="0.039" errors="0" timestamp="2023-11-29T22:39:15 GMT-08:00" skipped="0">
  <testcase classname="testNGExecutionPackage.Test3" name="method1" time="0.026">
    <system-out>
      <![CDATA[method1 from Test3 class!]]>
    </system-out>
  </testcase> <!-- method1 -->
  <testcase classname="testNGExecutionPackage.Test3" name="method2" time="0.013">
    <system-out>
      <![CDATA[method2 from Test3 class!]]>
    </system-out>
  </testcase> <!-- method2 -->
  <system-out>
    <![CDATA[method2 from Test1 class!
method2 from Test2 class!5
method1 from Test2 class!
method1 from Test1 class!
method1 from Test3 class!
method2 from Test3 class!]]>
  </system-out>
</testsuite> <!-- testNGExecutionPackage.Test3 -->
