<?xml version="1.0" encoding="UTF-8"?>
<!-- Generated by org.testng.reporters.JUnitReportReporter -->
<testsuite hostname="DESKTOP-RO120CU" failures="0" tests="2" name="testNGAnnotation_Flags.AnnotationsClass" time="0.031" errors="0" timestamp="2023-11-30T22:19:06 GMT-08:00" skipped="0">
  <testcase classname="testNGAnnotation_Flags.AnnotationsClass" name="annotation_Test_Method" time="0.018">
    <system-out>
      <![CDATA[Test Annotation]]>
    </system-out>
  </testcase> <!-- annotation_Test_Method -->
  <testcase classname="testNGAnnotation_Flags.AnnotationsClass" name="test2" time="0.013">
    <system-out>
      <![CDATA[Test2Annotation]]>
    </system-out>
  </testcase> <!-- test2 -->
  <system-out>
    <![CDATA[BeforeSuit Annotation
BeforeTest Annotation
BeforeClass Annotation
BeforeMethod Annotation
Test Annotation
AfterMethod Annotation
BeforeMethod Annotation
Test2Annotation
AfterMethod Annotation
AfterClass Annotation
AfterTest Annotation
AfterSuit Annotation]]>
  </system-out>
</testsuite> <!-- testNGAnnotation_Flags.AnnotationsClass -->
