<?xml version="1.0" encoding="UTF-8"?>
<!-- Generated by org.testng.reporters.JUnitReportReporter -->
<testsuite hostname="DESKTOP-RO120CU" failures="0" tests="2" name="testNGPackage.Remo" time="0.018" errors="0" timestamp="2023-11-27T22:21:13 GMT-08:00" skipped="0">
  <testcase classname="testNGPackage.Remo" name="method2" time="0.003">
    <system-out>
      <![CDATA[Method2 from Remo class!]]>
    </system-out>
  </testcase> <!-- method2 -->
  <testcase classname="testNGPackage.Remo" name="method1" time="0.015">
    <system-out>
      <![CDATA[Method1 from Remo class!]]>
    </system-out>
  </testcase> <!-- method1 -->
  <system-out>
    <![CDATA[Method1 from Remo class!
Method2 from Remo class!]]>
  </system-out>
</testsuite> <!-- testNGPackage.Remo -->
