<?xml version="1.0" encoding="UTF-8"?>
<!-- Generated by org.testng.reporters.JUnitReportReporter -->
<testsuite hostname="DESKTOP-RO120CU" failures="0" tests="2" name="testNGAnnotation_Flags.GoogleSearchTest" time="23.561" errors="0" timestamp="2023-11-30T22:59:04 GMT-08:00" skipped="0">
  <testcase classname="testNGAnnotation_Flags.GoogleSearchTest" name="search_Java" time="11.325"/>
  <testcase classname="testNGAnnotation_Flags.GoogleSearchTest" name="search_Selenium" time="12.236"/>
</testsuite> <!-- testNGAnnotation_Flags.GoogleSearchTest -->
