<?xml version="1.0" encoding="UTF-8"?>
<!-- Generated by org.testng.reporters.JUnitReportReporter -->
<testsuite hostname="DESKTOP-RO120CU" failures="0" tests="2" name="testNGPackage.Sumo" time="0.026" errors="0" timestamp="2023-11-27T22:29:06 GMT-08:00" skipped="0">
  <testcase classname="testNGPackage.Sumo" name="method2" time="0.005">
    <system-out>
      <![CDATA[Method2 from Sumo class!!!]]>
    </system-out>
  </testcase> <!-- method2 -->
  <testcase classname="testNGPackage.Sumo" name="method1" time="0.021">
    <system-out>
      <![CDATA[Method1 from Sumo class!!!]]>
    </system-out>
  </testcase> <!-- method1 -->
  <system-out>
    <![CDATA[Method1 from Sumo class!!!
Method2 from Sumo class!!!]]>
  </system-out>
</testsuite> <!-- testNGPackage.Sumo -->
