<?xml version="1.0" encoding="UTF-8"?>
<!-- Generated by org.testng.reporters.JUnitReportReporter -->
<testsuite hostname="DESKTOP-RO120CU" failures="0" tests="5" name="testNGAnnotation_Flags.ActiTimeDataProviderFlag" time="27.657" errors="0" timestamp="2023-12-06T23:32:36 GMT-08:00" skipped="0">
  <testcase classname="testNGAnnotation_Flags.ActiTimeDataProviderFlag" name="invalidLoginMethod" time="4.539"/>
  <testcase classname="testNGAnnotation_Flags.ActiTimeDataProviderFlag" name="invalidLoginMethod" time="4.717"/>
  <testcase classname="testNGAnnotation_Flags.ActiTimeDataProviderFlag" name="invalidLoginMethod" time="6.497"/>
  <testcase classname="testNGAnnotation_Flags.ActiTimeDataProviderFlag" name="invalidLoginMethod" time="6.905"/>
  <testcase classname="testNGAnnotation_Flags.ActiTimeDataProviderFlag" name="invalidLoginMethod" time="4.999"/>
</testsuite> <!-- testNGAnnotation_Flags.ActiTimeDataProviderFlag -->
