<?xml version="1.0" encoding="UTF-8"?>
<!-- Generated by org.testng.reporters.JUnitReportReporter -->
<testsuite hostname="DESKTOP-RO120CU" failures="0" tests="2" name="testNGPackage.Demo" time="0.034" errors="0" timestamp="2023-11-26T23:24:39 GMT-08:00" skipped="0">
  <testcase classname="testNGPackage.Demo" name="method2" time="0.004">
    <system-out>
      <![CDATA[Method2 from Demo class!!!]]>
    </system-out>
  </testcase> <!-- method2 -->
  <testcase classname="testNGPackage.Demo" name="method1" time="0.030">
    <system-out>
      <![CDATA[Method1 from Demo class!!!]]>
    </system-out>
  </testcase> <!-- method1 -->
  <system-out>
    <![CDATA[Method1 from Demo class!!!
Method2 from Demo class!!!]]>
  </system-out>
</testsuite> <!-- testNGPackage.Demo -->
