<?xml version="1.0" encoding="UTF-8"?>
<!-- Generated by org.testng.reporters.JUnitReportReporter -->
<testsuite hostname="DESKTOP-RO120CU" failures="0" tests="2" name="testNGExecutionPackage.SeleniumTest" time="57.376" errors="0" timestamp="2023-11-29T22:50:35 GMT-08:00" skipped="0">
  <testcase classname="testNGExecutionPackage.SeleniumTest" name="selenium_method" time="44.921"/>
  <testcase classname="testNGExecutionPackage.SeleniumTest" name="selenium_method" time="12.455"/>
</testsuite> <!-- testNGExecutionPackage.SeleniumTest -->
